{"D:\\web\\jest_init\\vite-project\\src\\components\\HelloWorld.vue": {"path":"D:\\web\\jest_init\\vite-project\\src\\components\\HelloWorld.vue","statementMap":{"0":{"start":{"line":38,"column":0},"end":{"line":38,"column":null}},"1":{"start":{"line":39,"column":15},"end":{"line":39,"column":31}},"2":{"start":{"line":48,"column":18},"end":{"line":48,"column":22}},"3":{"start":{"line":49,"column":4},"end":{"line":49,"column":11}}},"fnMap":{"0":{"name":"(anonymous_0)","decl":{"start":{"line":47,"column":9},"end":{"line":47,"column":null}},"loc":{"start":{"line":47,"column":9},"end":{"line":50,"column":null}}}},"branchMap":{},"s":{"0":1,"1":1,"2":1,"3":1},"f":{"0":1},"b":{}}
,"D:\\web\\jest_init\\vite-project\\src\\test\\utils.ts": {"path":"D:\\web\\jest_init\\vite-project\\src\\test\\utils.ts","statementMap":{"0":{"start":{"line":2,"column":2},"end":{"line":2,"column":9}}},"fnMap":{"0":{"name":"add","decl":{"start":{"line":1,"column":16},"end":{"line":1,"column":20}},"loc":{"start":{"line":1,"column":40},"end":{"line":3,"column":null}}}},"branchMap":{},"s":{"0":1},"f":{"0":1},"b":{}}
}
